c:\users\why\documents\github\toyx\toyx\release\toyx.pch
c:\users\why\documents\github\toyx\toyx\release\vc120.pdb
c:\users\why\documents\github\toyx\toyx\release\stdafx.obj
c:\users\why\documents\github\toyx\toyx\release\main.obj
c:\users\why\documents\github\toyx\toyx\release\arti3d_device.obj
c:\users\why\documents\github\toyx\toyx\release\arti3d_sse_math.obj
c:\users\why\documents\github\toyx\toyx\release\shader.obj
c:\users\why\documents\github\toyx\toyx\release\arti3d_window.obj
c:\users\why\documents\github\toyx\toyx\release\arti3d_shaderbase.obj
c:\users\why\documents\github\toyx\toyx\release\arti3d_vertexlayout.obj
c:\users\why\documents\github\toyx\toyx\release\arti3d_vertexbuffer.obj
c:\users\why\documents\github\toyx\toyx\release\arti3d_tile.obj
c:\users\why\documents\github\toyx\toyx\release\arti3d_thread.obj
c:\users\why\documents\github\toyx\toyx\release\arti3d_surface.obj
c:\users\why\documents\github\toyx\toyx\release\arti3d_rendertarget.obj
c:\users\why\documents\github\toyx\toyx\release\arti3d_indexbuffer.obj
c:\users\why\documents\github\toyx\toyx\release\arti3dapp.obj
c:\users\why\documents\github\toyx\release\toyx.exe
c:\users\why\documents\github\toyx\release\toyx.pdb
c:\users\why\documents\github\toyx\toyx\release\toyx.tlog\cl.command.1.tlog
c:\users\why\documents\github\toyx\toyx\release\toyx.tlog\cl.read.1.tlog
c:\users\why\documents\github\toyx\toyx\release\toyx.tlog\cl.write.1.tlog
c:\users\why\documents\github\toyx\toyx\release\toyx.tlog\link.command.1.tlog
c:\users\why\documents\github\toyx\toyx\release\toyx.tlog\link.read.1.tlog
c:\users\why\documents\github\toyx\toyx\release\toyx.tlog\link.write.1.tlog
