c:\users\why\documents\github\toyx\toyx\debug\toyx.pch
c:\users\why\documents\github\toyx\toyx\debug\vc120.pdb
c:\users\why\documents\github\toyx\toyx\debug\vc120.idb
c:\users\why\documents\github\toyx\toyx\debug\stdafx.obj
c:\users\why\documents\github\toyx\toyx\debug\arti3dapp.obj
c:\users\why\documents\github\toyx\toyx\debug\arti3d_indexbuffer.obj
c:\users\why\documents\github\toyx\toyx\debug\arti3d_rendertarget.obj
c:\users\why\documents\github\toyx\toyx\debug\arti3d_surface.obj
c:\users\why\documents\github\toyx\toyx\debug\arti3d_thread.obj
c:\users\why\documents\github\toyx\toyx\debug\arti3d_tile.obj
c:\users\why\documents\github\toyx\toyx\debug\arti3d_vertexbuffer.obj
c:\users\why\documents\github\toyx\toyx\debug\arti3d_vertexlayout.obj
c:\users\why\documents\github\toyx\toyx\debug\arti3d_window.obj
c:\users\why\documents\github\toyx\toyx\debug\shader.obj
c:\users\why\documents\github\toyx\toyx\debug\sse_math.obj
c:\users\why\documents\github\toyx\toyx\debug\arti3d_device.obj
c:\users\why\documents\github\toyx\toyx\debug\toyx.obj
c:\users\why\documents\github\toyx\debug\toyx.ilk
c:\users\why\documents\github\toyx\debug\toyx.exe
c:\users\why\documents\github\toyx\debug\toyx.pdb
c:\users\why\documents\github\toyx\toyx\debug\toyx.tlog\cl.command.1.tlog
c:\users\why\documents\github\toyx\toyx\debug\toyx.tlog\cl.read.1.tlog
c:\users\why\documents\github\toyx\toyx\debug\toyx.tlog\cl.write.1.tlog
c:\users\why\documents\github\toyx\toyx\debug\toyx.tlog\link.command.1.tlog
c:\users\why\documents\github\toyx\toyx\debug\toyx.tlog\link.read.1.tlog
c:\users\why\documents\github\toyx\toyx\debug\toyx.tlog\link.write.1.tlog
